2025-05-27 13:27:23,422 - masks - WARNING - Функция get_mask_card_number запущена с данными: 6546543123465748
2025-05-27 13:27:23,422 - masks - INFO - Выполняем маскировку карты 6546543123465748
2025-05-27 13:27:23,422 - masks - INFO - Карта замаскирована 6546 54** **** 5748
2025-05-27 13:27:23,423 - masks - WARNING - Функция get_mask_card_number запущена с данными: 
2025-05-27 13:27:23,423 - masks - INFO - Выполняем маскировку карты 
2025-05-27 13:27:23,424 - masks - ERROR - Неправильно введены данные 
2025-05-27 13:27:23,425 - masks - WARNING - Функция get_mask_card_number запущена с данными: Hello
2025-05-27 13:27:23,425 - masks - INFO - Выполняем маскировку карты Hello
2025-05-27 13:27:23,425 - masks - ERROR - Неправильно введены данные Hello
2025-05-27 13:27:23,427 - masks - WARNING - Функция get_mask_card_number запущена с данными: 123456789
2025-05-27 13:27:23,428 - masks - INFO - Выполняем маскировку карты 123456789
2025-05-27 13:27:23,428 - masks - ERROR - Неправильно введены данные 123456789
2025-05-27 13:27:23,430 - masks - WARNING - Функция get_mask_account запущена с данными: 73654108430135874305
2025-05-27 13:27:23,430 - masks - INFO - Выполняем маскировку счета 73654108430135874305
2025-05-27 13:27:23,430 - masks - INFO - Счет замаскирован **4305
2025-05-27 13:27:23,431 - masks - WARNING - Функция get_mask_account запущена с данными: 
2025-05-27 13:27:23,431 - masks - INFO - Выполняем маскировку счета 
2025-05-27 13:27:23,431 - masks - ERROR - Неправильно введены данные 
2025-05-27 13:27:23,433 - masks - WARNING - Функция get_mask_account запущена с данными: Hello
2025-05-27 13:27:23,433 - masks - INFO - Выполняем маскировку счета Hello
2025-05-27 13:27:23,433 - masks - ERROR - Неправильно введены данные Hello
2025-05-27 13:27:23,435 - masks - WARNING - Функция get_mask_account запущена с данными: 123456789
2025-05-27 13:27:23,435 - masks - INFO - Выполняем маскировку счета 123456789
2025-05-27 13:27:23,435 - masks - ERROR - Неправильно введены данные 123456789
2025-05-27 13:27:23,479 - masks - WARNING - Функция get_mask_card_number запущена с данными: 8984304398322130
2025-05-27 13:27:23,479 - masks - INFO - Выполняем маскировку карты 8984304398322130
2025-05-27 13:27:23,479 - masks - INFO - Карта замаскирована 8984 30** **** 2130
2025-05-27 13:27:23,481 - masks - WARNING - Функция get_mask_account запущена с данными: 73654108430135874305
2025-05-27 13:27:23,481 - masks - INFO - Выполняем маскировку счета 73654108430135874305
2025-05-27 13:27:23,481 - masks - INFO - Счет замаскирован **4305
2025-05-27 13:27:23,483 - masks - WARNING - Функция get_mask_card_number запущена с данными: 7158300734726758
2025-05-27 13:27:23,483 - masks - INFO - Выполняем маскировку карты 7158300734726758
2025-05-27 13:27:23,483 - masks - INFO - Карта замаскирована 7158 30** **** 6758
